<?xml version="1.0" encoding="UTF-8"?>
<!-- Generated by org.testng.reporters.JUnitXMLReporter -->
<testsuite ignored="0" hostname="DESKTOP-K3COTAD" failures="0" tests="3" name="Test" time="0.045" errors="0" timestamp="2022-04-17T03:03:09 IST">
  <testcase classname="com.TestNGFramework.Basic" name="TestNG" time="0.006"/>
  <testcase classname="com.TestNGFramework.Basic" name="hello" time="0.001"/>
  <testcase classname="com.TestNGFramework.Basic1" name="plone" time="0.001"/>
</testsuite> <!-- Test -->
