<?xml version="1.0" encoding="UTF-8"?>
<!-- Generated by org.testng.reporters.JUnitXMLReporter -->
<testsuite ignored="2" hostname="DESKTOP-K3COTAD" failures="1" tests="4" name="homelone " time="0.068" errors="0" timestamp="2022-04-18T13:23:51 IST">
  <testcase classname="com.TestNGFramework.Basic" name="TestNG" time="0.01">
    <failure type="java.lang.AssertionError" message="expected [true] but found [false]">
      <![CDATA[java.lang.AssertionError: expected [true] but found [false]
at com.TestNGFramework.Basic.TestNG(Basic.java:17)
at java.base/java.util.ArrayList.forEach(ArrayList.java:1541)
at java.base/java.util.concurrent.FutureTask.run(FutureTask.java:264)
at java.base/java.util.concurrent.ThreadPoolExecutor.runWorker(ThreadPoolExecutor.java:1128)
at java.base/java.util.concurrent.ThreadPoolExecutor$Worker.run(ThreadPoolExecutor.java:628)
at java.base/java.lang.Thread.run(Thread.java:834)
... Removed 22 stack frames]]>
    </failure>
  </testcase> <!-- TestNG -->
  <testcase classname="com.TestNGFramework.Basic" name="dataproviderTest" time="0.001"/>
  <testcase classname="com.TestNGFramework.Basic" name="dataproviderTest" time="0.001"/>
  <testcase classname="com.TestNGFramework.Basic" name="dataproviderTest" time="0.001"/>
  <testcase classname="com.TestNGFramework.Basic" name="hello" time="0.0">
    <ignored/>
  </testcase> <!-- hello -->
  <testcase classname="com.TestNGFramework.Basic" name="helloGirl" time="0.0">
    <ignored/>
  </testcase> <!-- helloGirl -->
</testsuite> <!-- homelone  -->
