<?xml version="1.0" encoding="UTF-8"?>
<!-- Generated by org.testng.reporters.JUnitXMLReporter -->
<testsuite ignored="3" hostname="DESKTOP-K3COTAD" failures="0" tests="8" name="home lone " time="0.091" errors="0" timestamp="2022-04-18T12:36:25 IST">
  <testcase classname="com.TestNGFramework.Basic" name="dataproviderTest" time="0.006"/>
  <testcase classname="com.TestNGFramework.Basic" name="dataproviderTest" time="0.002"/>
  <testcase classname="com.TestNGFramework.Basic" name="dataproviderTest" time="0.001"/>
  <testcase classname="com.TestNGFramework.Basic" name="hello" time="0.001"/>
  <testcase classname="com.TestNGFramework.Basic" name="TestNG" time="0.001"/>
  <testcase classname="com.TestNGFramework.Basic1" name="mobileLogin" time="0.025"/>
  <testcase classname="com.TestNGFramework.Basic1" name="mobilepasss" time="0.001"/>
  <testcase classname="com.TestNGFramework.Basic1" name="mobileLogOut" time="0.001"/>
  <testcase classname="com.TestNGFramework.Basic" name="helloGirl" time="0.0">
    <ignored/>
  </testcase> <!-- helloGirl -->
  <testcase classname="com.TestNGFramework.Basic1" name="passsedaway" time="0.0">
    <ignored/>
  </testcase> <!-- passsedaway -->
  <testcase classname="com.TestNGFramework.Basic1" name="loneHome" time="0.0">
    <ignored/>
  </testcase> <!-- loneHome -->
</testsuite> <!-- home lone  -->
