<?xml version="1.0" encoding="UTF-8"?>
<!-- Generated by org.testng.reporters.JUnitXMLReporter -->
<testsuite ignored="0" hostname="DESKTOP-K3COTAD" failures="0" tests="5" name="personal lone" time="0.068" errors="0" timestamp="2022-04-18T13:23:51 IST">
  <testcase classname="com.TestNGFramework.Basic1" name="mobileLogin" time="0.009"/>
  <testcase classname="com.TestNGFramework.Basic1" name="mobilepasss" time="0.008"/>
  <testcase classname="com.TestNGFramework.Basic1" name="passsedaway" time="0.001"/>
  <testcase classname="com.TestNGFramework.Basic1" name="loneHome" time="0.001"/>
  <testcase classname="com.TestNGFramework.Basic1" name="mobileLogOut" time="0.001"/>
</testsuite> <!-- personal lone -->
